TN:
SF:controllers/adminController.js
FN:12,(anonymous_0)
FN:53,(anonymous_1)
FN:73,(anonymous_2)
FN:102,(anonymous_3)
FN:131,(anonymous_4)
FN:153,(anonymous_5)
FN:178,(anonymous_6)
FNF:7
FNH:3
FNDA:1,(anonymous_0)
FNDA:2,(anonymous_1)
FNDA:0,(anonymous_2)
FNDA:0,(anonymous_3)
FNDA:2,(anonymous_4)
FNDA:0,(anonymous_5)
FNDA:0,(anonymous_6)
DA:1,7
DA:2,7
DA:3,7
DA:4,7
DA:5,7
DA:12,7
DA:13,1
DA:15,1
DA:16,1
DA:17,1
DA:19,1
DA:20,0
DA:21,0
DA:24,1
DA:25,0
DA:26,0
DA:30,1
DA:31,1
DA:32,1
DA:36,1
DA:37,1
DA:38,1
DA:41,1
DA:42,1
DA:44,0
DA:53,7
DA:54,2
DA:55,2
DA:56,2
DA:57,2
DA:63,0
DA:64,0
DA:73,7
DA:74,0
DA:75,0
DA:77,0
DA:78,0
DA:81,0
DA:84,0
DA:86,0
DA:88,0
DA:89,0
DA:90,0
DA:92,0
DA:93,0
DA:102,7
DA:103,0
DA:104,0
DA:106,0
DA:107,0
DA:110,0
DA:112,0
DA:113,0
DA:114,0
DA:121,0
DA:122,0
DA:131,7
DA:132,2
DA:133,2
DA:135,2
DA:137,2
DA:143,0
DA:144,0
DA:153,7
DA:154,0
DA:155,0
DA:157,0
DA:158,0
DA:161,0
DA:163,0
DA:168,0
DA:169,0
DA:178,7
DA:179,0
DA:180,0
DA:182,0
DA:183,0
DA:187,0
DA:188,0
DA:191,0
DA:193,0
DA:202,0
DA:204,0
DA:209,0
DA:210,0
LF:85
LH:34
BRDA:19,0,0,0
BRDA:19,0,1,1
BRDA:19,1,0,1
BRDA:19,1,1,1
BRDA:24,2,0,0
BRDA:24,2,1,1
BRDA:24,3,0,1
BRDA:24,3,1,1
BRDA:30,4,0,1
BRDA:30,4,1,0
BRDA:36,5,0,1
BRDA:36,5,1,0
BRDA:36,6,0,1
BRDA:36,6,1,0
BRDA:77,7,0,0
BRDA:77,7,1,0
BRDA:106,8,0,0
BRDA:106,8,1,0
BRDA:157,9,0,0
BRDA:157,9,1,0
BRDA:182,10,0,0
BRDA:182,10,1,0
BRDA:187,11,0,0
BRDA:187,11,1,0
BRF:24
BRH:9
end_of_record
TN:
SF:controllers/authController.js
FN:11,(anonymous_0)
FN:74,(anonymous_1)
FN:86,(anonymous_2)
FNF:3
FNH:3
FNDA:239,(anonymous_0)
FNDA:6,(anonymous_1)
FNDA:6,(anonymous_2)
DA:1,7
DA:2,7
DA:3,7
DA:4,7
DA:11,7
DA:12,239
DA:13,239
DA:14,239
DA:16,239
DA:17,4
DA:18,4
DA:21,235
DA:23,233
DA:24,2
DA:29,2
DA:32,231
DA:34,231
DA:40,231
DA:49,231
DA:55,231
DA:64,2
DA:65,2
DA:74,7
DA:75,6
DA:76,0
DA:78,6
DA:86,7
DA:87,6
DA:88,6
DA:97,6
DA:99,0
DA:102,6
DA:106,6
LF:33
LH:31
BRDA:16,0,0,4
BRDA:16,0,1,235
BRDA:23,1,0,2
BRDA:23,1,1,231
BRDA:75,2,0,0
BRDA:75,2,1,6
BRF:6
BRH:5
end_of_record
TN:
SF:controllers/healthController.js
FN:16,(anonymous_0)
FN:54,(anonymous_1)
FN:78,(anonymous_2)
FN:115,(anonymous_3)
FNF:4
FNH:4
FNDA:12,(anonymous_0)
FNDA:33,(anonymous_1)
FNDA:5,(anonymous_2)
FNDA:4,(anonymous_3)
DA:6,7
DA:7,7
DA:8,7
DA:16,7
DA:17,12
DA:18,12
DA:19,11
DA:22,11
DA:24,11
DA:50,11
DA:52,11
DA:55,33
DA:56,33
DA:60,11
DA:62,1
DA:63,1
DA:78,7
DA:79,5
DA:80,5
DA:81,5
DA:83,5
DA:85,5
DA:86,4
DA:94,1
DA:103,0
DA:104,0
DA:115,7
DA:116,4
LF:28
LH:26
BRDA:22,0,0,11
BRDA:22,0,1,11
BRDA:25,1,0,9
BRDA:25,1,1,2
BRDA:25,2,0,11
BRDA:25,2,1,9
BRDA:32,3,0,11
BRDA:32,3,1,0
BRDA:35,4,0,11
BRDA:35,4,1,0
BRDA:41,5,0,9
BRDA:41,5,1,2
BRDA:42,6,0,11
BRDA:42,6,1,2
BRDA:43,7,0,11
BRDA:43,7,1,2
BRDA:44,8,0,11
BRDA:44,8,1,2
BRDA:45,9,0,11
BRDA:45,9,1,2
BRDA:50,10,0,9
BRDA:50,10,1,2
BRDA:83,11,0,5
BRDA:83,11,1,4
BRDA:85,12,0,4
BRDA:85,12,1,1
BRF:26
BRH:24
end_of_record
TN:
SF:controllers/keyExchangeController.js
FN:16,(anonymous_0)
FN:49,(anonymous_1)
FNF:2
FNH:1
FNDA:9,(anonymous_0)
FNDA:0,(anonymous_1)
DA:7,7
DA:8,7
DA:16,7
DA:17,9
DA:18,9
DA:20,8
DA:25,8
DA:33,1
DA:37,1
DA:49,7
DA:50,0
DA:53,0
DA:57,0
DA:62,0
DA:66,0
LF:15
LH:10
BRF:0
BRH:0
end_of_record
TN:
SF:controllers/patientRecordController.js
FN:35,(anonymous_0)
FN:100,(anonymous_1)
FN:181,(anonymous_2)
FN:213,(anonymous_3)
FN:252,(anonymous_4)
FN:273,(anonymous_5)
FN:283,(anonymous_6)
FN:326,(anonymous_7)
FNF:8
FNH:8
FNDA:9,(anonymous_0)
FNDA:5,(anonymous_1)
FNDA:7,(anonymous_2)
FNDA:1,(anonymous_3)
FNDA:4,(anonymous_4)
FNDA:2,(anonymous_5)
FNDA:2,(anonymous_6)
FNDA:6,(anonymous_7)
DA:6,7
DA:7,7
DA:8,7
DA:9,7
DA:10,7
DA:11,7
DA:17,7
DA:19,7
DA:20,7
DA:21,7
DA:27,7
DA:36,9
DA:37,9
DA:38,9
DA:40,9
DA:42,9
DA:43,1
DA:49,8
DA:50,1
DA:54,7
DA:55,7
DA:56,7
DA:58,7
DA:59,1
DA:63,6
DA:64,5
DA:69,5
DA:70,1
DA:77,5
DA:78,5
DA:83,5
DA:85,0
DA:89,0
DA:101,5
DA:102,5
DA:103,5
DA:105,5
DA:107,5
DA:111,5
DA:112,5
DA:113,5
DA:116,0
DA:120,5
DA:137,5
DA:145,5
DA:151,5
DA:165,0
DA:170,0
DA:181,7
DA:182,7
DA:184,7
DA:189,7
DA:190,3
DA:191,3
DA:194,3
DA:203,4
DA:208,3
DA:209,0
DA:213,3
DA:227,3
DA:233,3
DA:238,0
DA:242,0
DA:252,7
DA:253,4
DA:255,4
DA:257,4
DA:258,1
DA:263,3
DA:266,3
DA:267,1
DA:273,2
DA:274,2
DA:277,2
DA:278,0
DA:283,2
DA:295,2
DA:302,2
DA:307,2
DA:312,0
DA:316,0
DA:326,7
DA:327,6
DA:329,6
DA:330,6
DA:333,6
DA:334,1
DA:338,5
DA:339,5
DA:340,1
DA:345,4
DA:357,4
DA:365,4
DA:370,4
DA:375,0
DA:380,0
LF:96
LH:83
BRDA:42,0,0,1
BRDA:42,0,1,8
BRDA:49,1,0,1
BRDA:49,1,1,7
BRDA:49,2,0,8
BRDA:49,2,1,8
BRDA:49,2,2,7
BRDA:49,2,3,7
BRDA:58,3,0,1
BRDA:58,3,1,6
BRDA:63,4,0,5
BRDA:63,4,1,1
BRDA:69,5,0,1
BRDA:69,5,1,4
BRDA:77,6,0,5
BRDA:77,6,1,0
BRDA:111,7,0,5
BRDA:111,7,1,0
BRDA:189,8,0,3
BRDA:189,8,1,4
BRDA:208,9,0,0
BRDA:208,9,1,3
BRDA:257,10,0,1
BRDA:257,10,1,3
BRDA:266,11,0,1
BRDA:266,11,1,2
BRDA:266,12,0,3
BRDA:266,12,1,3
BRDA:277,13,0,0
BRDA:277,13,1,2
BRDA:333,14,0,1
BRDA:333,14,1,5
BRDA:339,15,0,1
BRDA:339,15,1,4
BRF:34
BRH:30
end_of_record
TN:
SF:controllers/userController.js
FN:11,(anonymous_0)
FN:53,(anonymous_1)
FN:121,(anonymous_2)
FNF:3
FNH:3
FNDA:3,(anonymous_0)
FNDA:12,(anonymous_1)
FNDA:4,(anonymous_2)
DA:1,7
DA:2,7
DA:3,7
DA:4,7
DA:11,7
DA:12,3
DA:14,3
DA:16,3
DA:17,2
DA:21,2
DA:26,1
DA:28,1
DA:34,1
DA:40,0
DA:44,0
DA:53,7
DA:54,12
DA:60,12
DA:61,12
DA:62,12
DA:63,3
DA:68,3
DA:71,9
DA:72,9
DA:73,0
DA:74,0
DA:77,9
DA:85,9
DA:87,9
DA:96,9
DA:103,9
DA:107,0
DA:112,0
DA:121,7
DA:122,4
DA:123,4
DA:125,4
DA:126,4
DA:127,4
DA:128,0
DA:129,0
DA:132,4
DA:133,4
DA:134,4
DA:135,4
DA:138,4
DA:139,4
DA:141,1
DA:142,1
DA:143,1
DA:144,1
DA:146,3
DA:148,2
DA:149,2
DA:156,1
DA:161,1
DA:166,0
DA:167,0
DA:168,0
DA:172,0
DA:174,0
DA:178,0
DA:179,0
DA:180,0
DA:184,0
DA:186,0
DA:190,0
DA:191,0
DA:192,0
DA:196,0
DA:198,0
DA:201,3
DA:203,3
DA:212,3
DA:218,3
DA:222,0
DA:227,0
LF:77
LH:52
BRDA:16,0,0,2
BRDA:16,0,1,1
BRDA:16,1,0,3
BRDA:16,1,1,3
BRDA:62,2,0,3
BRDA:62,2,1,9
BRDA:72,3,0,0
BRDA:72,3,1,9
BRDA:80,4,0,4
BRDA:80,4,1,5
BRDA:81,5,0,2
BRDA:81,5,1,7
BRDA:82,6,0,2
BRDA:82,6,1,7
BRDA:127,7,0,0
BRDA:127,7,1,4
BRDA:138,8,0,4
BRDA:138,8,1,0
BRDA:139,9,0,1
BRDA:139,9,1,3
BRDA:142,10,0,1
BRDA:142,10,1,0
BRDA:143,11,0,1
BRDA:143,11,1,1
BRDA:146,12,0,2
BRDA:146,12,1,1
BRDA:146,13,0,3
BRDA:146,13,1,2
BRDA:146,13,2,1
BRDA:166,14,0,0
BRDA:166,14,1,0
BRDA:167,15,0,0
BRDA:167,15,1,0
BRDA:167,16,0,0
BRDA:167,16,1,0
BRDA:178,17,0,0
BRDA:178,17,1,0
BRDA:179,18,0,0
BRDA:179,18,1,0
BRDA:179,19,0,0
BRDA:179,19,1,0
BRDA:190,20,0,0
BRDA:190,20,1,0
BRDA:191,21,0,0
BRDA:191,21,1,0
BRF:45
BRH:25
end_of_record
TN:
SF:middlewares/authMiddleware.js
FN:14,(anonymous_0)
FN:62,(anonymous_1)
FN:63,(anonymous_2)
FNF:3
FNH:3
FNDA:100,(anonymous_0)
FNDA:73,(anonymous_1)
FNDA:53,(anonymous_2)
DA:1,8
DA:2,8
DA:3,8
DA:14,8
DA:15,100
DA:17,100
DA:18,11
DA:23,11
DA:26,89
DA:27,89
DA:28,81
DA:29,81
DA:31,8
DA:39,8
DA:40,8
DA:48,0
DA:51,8
DA:62,8
DA:63,73
DA:64,53
DA:65,53
DA:67,53
DA:75,53
DA:76,26
DA:85,26
DA:86,26
DA:94,0
DA:97,26
DA:100,27
DA:104,8
LF:30
LH:28
BRDA:17,0,0,11
BRDA:17,0,1,89
BRDA:75,1,0,26
BRDA:75,1,1,27
BRDA:88,2,0,26
BRDA:88,2,1,1
BRF:6
BRH:6
end_of_record
TN:
SF:middlewares/errorHandler.js
FN:18,(anonymous_0)
FN:33,(anonymous_1)
FN:46,(anonymous_2)
FN:64,(anonymous_3)
FN:106,(anonymous_4)
FN:106,(anonymous_5)
FNF:6
FNH:0
FNDA:0,(anonymous_0)
FNDA:0,(anonymous_1)
FNDA:0,(anonymous_2)
FNDA:0,(anonymous_3)
FNDA:0,(anonymous_4)
FNDA:0,(anonymous_5)
DA:6,7
DA:19,0
DA:20,0
DA:21,0
DA:22,0
DA:33,7
DA:34,0
DA:35,0
DA:46,7
DA:47,0
DA:48,0
DA:49,0
DA:52,0
DA:63,0
DA:64,0
DA:65,0
DA:69,0
DA:70,0
DA:71,0
DA:72,0
DA:76,0
DA:77,0
DA:78,0
DA:82,0
DA:83,0
DA:84,0
DA:87,0
DA:88,0
DA:89,0
DA:93,0
DA:106,7
DA:107,0
DA:110,7
LF:33
LH:5
BRDA:49,0,0,0
BRDA:49,0,1,0
BRDA:63,1,0,0
BRDA:63,1,1,0
BRDA:69,2,0,0
BRDA:69,2,1,0
BRDA:76,3,0,0
BRDA:76,3,1,0
BRDA:82,4,0,0
BRDA:82,4,1,0
BRDA:87,5,0,0
BRDA:87,5,1,0
BRDA:96,6,0,0
BRDA:96,6,1,0
BRF:14
BRH:0
end_of_record
TN:
SF:middlewares/httpLogger.js
FN:11,(anonymous_0)
FNF:1
FNH:1
FNDA:370,(anonymous_0)
DA:6,7
DA:7,7
DA:10,7
DA:11,370
DA:15,7
DA:19,7
LF:6
LH:6
BRDA:15,0,0,0
BRDA:15,0,1,7
BRF:2
BRH:1
end_of_record
TN:
SF:middlewares/keyExchangeMiddleware.js
FN:7,(anonymous_0)
FN:21,(anonymous_1)
FNF:2
FNH:0
FNDA:0,(anonymous_0)
FNDA:0,(anonymous_1)
DA:1,0
DA:2,0
DA:7,0
DA:8,0
DA:9,0
DA:10,0
DA:11,0
DA:13,0
DA:14,0
DA:21,0
DA:22,0
DA:23,0
DA:24,0
DA:25,0
DA:27,0
DA:28,0
DA:32,0
LF:17
LH:0
BRF:0
BRH:0
end_of_record
TN:
SF:middlewares/loadAESKey.js
FN:14,loadAESKey
FNF:1
FNH:1
FNDA:10,loadAESKey
DA:7,7
DA:8,7
DA:15,10
DA:17,10
DA:19,10
DA:20,1
DA:26,9
DA:27,9
DA:29,9
DA:35,9
DA:36,0
DA:40,9
DA:41,9
DA:43,9
DA:45,0
DA:49,0
DA:56,7
LF:17
LH:14
BRDA:19,0,0,1
BRDA:19,0,1,9
BRDA:35,1,0,0
BRDA:35,1,1,9
BRDA:35,2,0,9
BRDA:35,2,1,9
BRF:6
BRH:5
end_of_record
TN:
SF:middlewares/transitDecryptMiddleware.js
FN:15,transitDecryptMiddleware
FN:16,(anonymous_1)
FNF:2
FNH:2
FNDA:21,transitDecryptMiddleware
FNDA:23,(anonymous_1)
DA:7,21
DA:8,21
DA:15,21
DA:16,21
DA:17,23
DA:19,23
DA:20,48
DA:23,48
DA:24,4
DA:29,44
DA:31,44
DA:33,19
DA:36,16
DA:41,20
DA:43,3
DA:47,3
LF:16
LH:16
BRDA:23,0,0,4
BRDA:23,0,1,44
BRDA:23,1,0,48
BRDA:23,1,1,45
BRDA:29,2,0,44
BRDA:29,2,1,36
BRDA:31,3,0,19
BRDA:31,3,1,25
BRF:8
BRH:8
end_of_record
TN:
SF:middlewares/transitEncryptMiddleware.js
FN:15,transitEncryptMiddleware
FN:16,(anonymous_1)
FNF:2
FNH:2
FNDA:22,transitEncryptMiddleware
FNDA:20,(anonymous_1)
DA:7,22
DA:8,22
DA:15,22
DA:16,22
DA:17,20
DA:19,20
DA:20,36
DA:23,36
DA:24,3
DA:28,33
DA:33,33
DA:36,30
DA:39,16
DA:41,4
DA:45,4
LF:15
LH:15
BRDA:23,0,0,3
BRDA:23,0,1,33
BRDA:23,1,0,36
BRDA:23,1,1,34
BRDA:28,2,0,8
BRDA:28,2,1,25
BRDA:28,3,0,33
BRDA:28,3,1,26
BRF:8
BRH:8
end_of_record
TN:
SF:models/AuditLog.js
FNF:0
FNH:0
DA:1,7
DA:3,7
DA:12,7
LF:3
LH:3
BRF:0
BRH:0
end_of_record
TN:
SF:models/PatientRecord.js
FNF:0
FNH:0
DA:1,7
DA:3,7
DA:38,7
DA:39,7
DA:41,7
LF:5
LH:5
BRF:0
BRH:0
end_of_record
TN:
SF:models/User.js
FN:22,(anonymous_0)
FN:30,(anonymous_1)
FNF:2
FNH:2
FNDA:303,(anonymous_0)
FNDA:235,(anonymous_1)
DA:1,7
DA:2,7
DA:4,7
DA:22,7
DA:23,303
DA:24,276
DA:25,276
DA:26,276
DA:30,7
DA:31,235
DA:34,7
LF:11
LH:11
BRDA:23,0,0,27
BRDA:23,0,1,276
BRF:2
BRH:2
end_of_record
TN:
SF:utils/jwtUtils.js
FN:3,generateJWT
FNF:1
FNH:1
FNDA:236,generateJWT
DA:1,7
DA:4,236
DA:9,236
DA:12,236
DA:15,7
LF:5
LH:5
BRF:0
BRH:0
end_of_record
TN:
SF:utils/recordAccessRoles.js
FN:2,(anonymous_0)
FN:4,(anonymous_1)
FN:6,(anonymous_2)
FN:13,(anonymous_3)
FNF:4
FNH:4
FNDA:9,(anonymous_0)
FNDA:7,(anonymous_1)
FNDA:2,(anonymous_2)
FNDA:5,(anonymous_3)
DA:1,7
DA:2,9
DA:4,7
DA:7,2
DA:8,2
DA:10,0
DA:15,5
DA:16,0
DA:20,5
DA:21,1
DA:25,4
DA:26,1
DA:30,3
DA:31,3
DA:34,0
LF:15
LH:12
BRDA:7,0,0,2
BRDA:7,0,1,0
BRDA:7,1,0,2
BRDA:7,1,1,2
BRDA:15,2,0,0
BRDA:15,2,1,5
BRDA:20,3,0,1
BRDA:20,3,1,4
BRDA:20,4,0,5
BRDA:20,4,1,1
BRDA:25,5,0,1
BRDA:25,5,1,3
BRDA:30,6,0,3
BRDA:30,6,1,0
BRF:14
BRH:11
end_of_record
TN:
SF:utils/registrationRoles.js
FNF:0
FNH:0
DA:1,7
LF:1
LH:1
BRF:0
BRH:0
end_of_record
